0 info it worked if it ends with ok
1 verbose cli [ 'node', '/usr/local/bin/npm', 'install', '-g', 'coffee-script' ]
2 info using npm@1.4.9
3 info using node@v0.10.28
4 verbose cache add [ 'coffee-script', null ]
5 verbose cache add name=undefined spec="coffee-script" args=["coffee-script",null]
6 verbose parsed url { protocol: null,
6 verbose parsed url   slashes: null,
6 verbose parsed url   auth: null,
6 verbose parsed url   host: null,
6 verbose parsed url   port: null,
6 verbose parsed url   hostname: null,
6 verbose parsed url   hash: null,
6 verbose parsed url   search: null,
6 verbose parsed url   query: null,
6 verbose parsed url   pathname: 'coffee-script',
6 verbose parsed url   path: 'coffee-script',
6 verbose parsed url   href: 'coffee-script' }
7 silly lockFile ab358269-coffee-script coffee-script
8 verbose lock coffee-script /Users/PeanutLabs/.npm/ab358269-coffee-script.lock
9 silly lockFile ab358269-coffee-script coffee-script
10 error Error: Attempt to unlock coffee-script, which hasn't been locked
10 error     at unlock (/usr/local/lib/node_modules/npm/lib/cache.js:1434:11)
10 error     at cb (/usr/local/lib/node_modules/npm/lib/cache.js:925:5)
10 error     at /usr/local/lib/node_modules/npm/lib/cache.js:942:20
10 error     at /usr/local/lib/node_modules/npm/lib/cache.js:1420:7
10 error     at /usr/local/lib/node_modules/npm/node_modules/lockfile/lockfile.js:167:38
10 error     at OpenReq.Req.done (/usr/local/lib/node_modules/npm/node_modules/graceful-fs/graceful-fs.js:144:5)
10 error     at OpenReq.done (/usr/local/lib/node_modules/npm/node_modules/graceful-fs/graceful-fs.js:64:22)
10 error     at Object.oncomplete (fs.js:107:15)
11 error If you need help, you may report this *entire* log,
11 error including the npm and node versions, at:
11 error     <http://github.com/npm/npm/issues>
12 error System Darwin 13.2.0
13 error command "node" "/usr/local/bin/npm" "install" "-g" "coffee-script"
14 error cwd /Users/PeanutLabs/Desktop/alert/src
15 error node -v v0.10.28
16 error npm -v 1.4.9
17 verbose exit [ 1, true ]
